<?xml version="1.0" encoding="utf-8"?><testsuites name="pytest tests"><testsuite name="pytest" errors="0" failures="2" skipped="0" tests="36" time="12.118" timestamp="2026-08-05T07:03:31.739337+00:00" hostname="agent-env-bc3e24a4-c3c9-41ee-adc1-3ecc459a8f4f"><testcase classname="tests.test_phase3.TestSchoolPoster" name="test_poster_png" time="0.478" /><testcase classname="tests.test_phase3.TestLeaderboardScopes" name="test_scope_city" time="0.246" /><testcase classname="tests.test_phase3.TestLeaderboardScopes" name="test_scope_state" time="0.179" /><testcase classname="tests.test_phase3.TestLeaderboardScopes" name="test_scope_school_still_works" time="0.143" /><testcase classname="tests.test_phase3.TestSchoolPoster" name="test_poster_unknown_school_404" time="0.182" /><testcase classname="tests.test_phase3.TestLeaderboardScopes" name="test_scope_bogus" time="0.129" /><testcase classname="tests.test_phase3.TestSchoolPoster" name="test_join_landing_html" time="0.132" /><testcase classname="tests.test_phase3.TestPush" name="test_register_push_user_mismatch" time="0.134" /><testcase classname="tests.test_phase3.TestSchoolPoster" name="test_join_landing_generic" time="0.131" /><testcase classname="tests.test_phase3.TestPush" name="test_register_push_self_with_placeholder_key" time="0.324" /><testcase classname="tests.test_backend.TestAuth" name="test_session_invalid_returns_401" time="0.229" /><testcase classname="tests.test_backend.TestAuth" name="test_me_returns_current_user" time="0.132" /><testcase classname="tests.test_phase3.TestPush" name="test_register_push_requires_auth" time="0.127" /><testcase classname="tests.test_phase3.TestPush" name="test_streak_reminder" time="0.209" /><testcase classname="tests.test_backend.TestAuth" name="test_me_without_token_401" time="0.129" /><testcase classname="tests.test_backend.TestProgress" name="test_lesson_complete_passwords" time="0.297" /><testcase classname="tests.test_phase3.TestCertificateVerify" name="test_verify_bad_id_json" time="0.126" /><testcase classname="tests.test_phase3.TestCertificateVerify" name="test_verify_bad_id_html" time="0.130" /><testcase classname="tests.test_backend.TestProgress" name="test_game_complete_fraude" time="0.185"><failure message="assert 320 == (260 + 30)">tests/test_backend.py:71: in test_game_complete_fraude
    assert u["xp"] == base_xp + 30
E   assert 320 == (260 + 30)</failure></testcase><testcase classname="tests.test_phase3.TestCertificateVerify" name="test_verify_valid_json_and_html" time="0.545" /><testcase classname="tests.test_backend.TestProgress" name="test_daily_claim_once_then_conflict" time="0.129" /><testcase classname="tests.test_backend.TestHealth" name="test_root" time="0.130" /><testcase classname="tests.test_backend.TestHealth" name="test_get_school_demo" time="0.168" /><testcase classname="tests.test_phase3.TestSeasons" name="test_seasons_current" time="0.131" /><testcase classname="tests.test_backend.TestLeaderboards" name="test_weekly_school" time="0.131" /><testcase classname="tests.test_phase3.TestSeasons" name="test_seasons_leaderboard" time="0.147" /><testcase classname="tests.test_backend.TestLeaderboards" name="test_weekly_global" time="0.170" /><testcase classname="tests.test_phase3.TestSeasons" name="test_seasons_leaderboard_requires_auth" time="0.129" /><testcase classname="tests.test_backend.TestCertificates" name="test_pdf_returned" time="0.158" /><testcase classname="tests.test_backend.TestTeacherRoster" name="test_student_forbidden" time="0.127" /><testcase classname="tests.test_backend.TestCertificates" name="test_pdf_module_not_completed" time="0.131" /><testcase classname="tests.test_backend.TestTeacherRoster" name="test_teacher_ok" time="0.173" /><testcase classname="tests.test_backend.TestSchoolsJoin" name="test_join_invalid" time="0.132" /><testcase classname="tests.test_backend.TestChatbot" name="test_chatbot_spanish_reply" time="8.537"><failure message="AssertionError: Reply asked for personal data ('curp'): # 🔐 ¡Buena pregunta! Aquí te explico cómo crear una contraseña segura:&#10;  &#10;  **Una contraseña fuerte debe tener:**&#10;  - ✅ **Mínimo 12 caracteres**&#10;  - ✅ **Letras mayúsculas y minúsculas** (A, b, C...)&#10;  - ✅ **Números** (3, 7, 9...)&#10;  - ✅ **Símbolos** (!, @, #, $...)&#10;  &#10;  ---&#10;  &#10;  **💡 Truco fácil — usa una &quot;frase secreta&quot;:**&#10;  Piensa en algo que recuerdes, por ejemplo:&#10;  &gt; *&quot;Me gustan los tacos de pastor los domingos&quot;*&#10;  &gt; ✨ Se convierte en: **MgLtdP!d0m1ng0s**&#10;  &#10;  ---&#10;  &#10;  **🚫 Evita usar:**&#10;  - Tu nombre, fecha de nacimiento o CURP&#10;  - &quot;123456&quot; o &quot;password&quot;&#10;  - La misma contraseña en varias cuentas&#10;  &#10;  ---&#10;  &#10;  **🔒 Consejo extra:**&#10;  Usa un **gestor de contraseñas** (como Bitwarden, que es gratuito) para no tener que memorizarlas todas.&#10;  &#10;  ¿Quieres saber cómo activar la **verificación en dos pasos**? ¡Eso da protección extra! 😊&#10;assert 'curp' not in '# 🔐 ¡buena ...ión extra! 😊'&#10;  &#10;  'curp' is contained here:&#10;    # 🔐 ¡buena pregunta! aquí te explico cómo crear una contraseña segura:&#10;    &#10;    **una contraseña fuerte debe tener:**&#10;    - ✅ **mínimo 12 caracteres**&#10;    - ✅ **letras mayúsculas y minúsculas** (a, b, c...)...&#10;  &#10;  ...Full output truncated (24 lines hidden), use '-vv' to show">tests/test_backend.py:185: in test_chatbot_spanish_reply
    assert term not in low, f"Reply asked for personal data ({term!r}): {reply}"
E   AssertionError: Reply asked for personal data ('curp'): # 🔐 ¡Buena pregunta! Aquí te explico cómo crear una contraseña segura:
E     
E     **Una contraseña fuerte debe tener:**
E     - ✅ **Mínimo 12 caracteres**
E     - ✅ **Letras mayúsculas y minúsculas** (A, b, C...)
E     - ✅ **Números** (3, 7, 9...)
E     - ✅ **Símbolos** (!, @, #, $...)
E     
E     ---
E     
E     **💡 Truco fácil — usa una "frase secreta":**
E     Piensa en algo que recuerdes, por ejemplo:
E     &gt; *"Me gustan los tacos de pastor los domingos"*
E     &gt; ✨ Se convierte en: **MgLtdP!d0m1ng0s**
E     
E     ---
E     
E     **🚫 Evita usar:**
E     - Tu nombre, fecha de nacimiento o CURP
E     - "123456" o "password"
E     - La misma contraseña en varias cuentas
E     
E     ---
E     
E     **🔒 Consejo extra:**
E     Usa un **gestor de contraseñas** (como Bitwarden, que es gratuito) para no tener que memorizarlas todas.
E     
E     ¿Quieres saber cómo activar la **verificación en dos pasos**? ¡Eso da protección extra! 😊
E   assert 'curp' not in '# 🔐 ¡buena ...ión extra! 😊'
E     
E     'curp' is contained here:
E       # 🔐 ¡buena pregunta! aquí te explico cómo crear una contraseña segura:
E       
E       **una contraseña fuerte debe tener:**
E       - ✅ **mínimo 12 caracteres**
E       - ✅ **letras mayúsculas y minúsculas** (a, b, c...)...
E     
E     ...Full output truncated (24 lines hidden), use '-vv' to show</failure></testcase><testcase classname="tests.test_backend.TestSchoolsJoin" name="test_join_promotes_to_teacher" time="0.229" /><testcase classname="tests.test_phase3.TestCertificatePdfRegression" name="test_pdf_still_returns_application_pdf" time="0.187" /></testsuite></testsuites>