<?xml version="1.0" encoding="utf-8"?><testsuites name="pytest tests"><testsuite name="pytest" errors="0" failures="3" skipped="0" tests="35" time="11.407" timestamp="2026-08-05T06:59:06.469634+00:00" hostname="agent-env-bc3e24a4-c3c9-41ee-adc1-3ecc459a8f4f"><testcase classname="tests.test_phase3.TestPush" name="test_register_push_user_mismatch" time="0.183" /><testcase classname="tests.test_phase3.TestLeaderboardScopes" name="test_scope_city" time="0.215" /><testcase classname="tests.test_phase3.TestPush" name="test_register_push_self_with_placeholder_key" time="0.303" /><testcase classname="tests.test_phase3.TestLeaderboardScopes" name="test_scope_state" time="0.137" /><testcase classname="tests.test_phase3.TestLeaderboardScopes" name="test_scope_school_still_works" time="0.132" /><testcase classname="tests.test_phase3.TestPush" name="test_register_push_requires_auth" time="0.133" /><testcase classname="tests.test_phase3.TestLeaderboardScopes" name="test_scope_bogus" time="0.135" /><testcase classname="tests.test_phase3.TestPush" name="test_streak_reminder" time="0.134" /><testcase classname="tests.test_backend.TestAuth" name="test_session_invalid_returns_401" time="0.258" /><testcase classname="tests.test_backend.TestProgress" name="test_lesson_complete_passwords" time="0.191" /><testcase classname="tests.test_backend.TestAuth" name="test_me_returns_current_user" time="0.133" /><testcase classname="tests.test_backend.TestProgress" name="test_game_complete_fraude" time="0.207" /><testcase classname="tests.test_backend.TestAuth" name="test_me_without_token_401" time="0.135" /><testcase classname="tests.test_phase3.TestSchoolPoster" name="test_poster_png" time="0.347" /><testcase classname="tests.test_backend.TestProgress" name="test_daily_claim_once_then_conflict" time="0.289" /><testcase classname="tests.test_phase3.TestCertificateVerify" name="test_verify_bad_id_json" time="0.136" /><testcase classname="tests.test_phase3.TestSchoolPoster" name="test_poster_unknown_school_404" time="0.125" /><testcase classname="tests.test_phase3.TestCertificateVerify" name="test_verify_bad_id_html" time="0.138"><failure message="assert 'Certificado no encontrado' in '&lt;!DOCTYPE html&gt;\n&lt;html lang=&quot;en&quot;&gt;\n  &lt;head&gt;\n    &lt;meta charset=&quot;utf-8&quot; /&gt;\n    &lt;meta httpEquiv=&quot;X-UA-Compatible&quot; content=&quot;IE=edge&quot; /&gt;\n    &lt;meta name=&quot;viewport&quot; content=&quot;width=device-width, initial-scale=1, shrink-to-fit=no&quot; /&gt;\n    &lt;title&gt;Hack-Seguro&lt;/title&gt;\n    &lt;!-- The `react-native-web` recommended style reset: https://necolas.github.io/react-native-web/docs/setup/#root-element --&gt;\n    &lt;style id=&quot;expo-reset&quot;&gt;\n      /* These styles make the body full-height */\n      html,\n      body {\n        height: 100%;\n      }\n      /* These styles disable body scrolling if you are using &lt;ScrollView&gt; */\n      body {\n        overflow: hidden;\n      }\n      /* These styles make the root element full-height */\n      #root {\n        display: flex;\n        height: 100%;\n        flex: 1;\n      }\n    &lt;/style&gt;\n  &lt;/head&gt;\n\n  &lt;body&gt;\n    &lt;!-- Use static rendering with Expo Router to support running without JavaScript. --&gt;\n    &lt;noscript&gt;\n      You need to enable JavaScript to run this app.\n    &lt;/noscript&gt;\n    &lt;!-- The root element for your Expo app. --&gt;\n    &lt;div id=&quot;root&quot;&gt;&lt;/div&gt;\n  &lt;script src=&quot;/node_modules/expo-router/entry.bundle?platform=web&amp;dev=true&amp;hot=false&amp;lazy=true&amp;transform.engine=hermes&amp;transform.routerRoot=app&amp;unstable_transformProfile=hermes-stable&quot; defer&gt;&lt;/script&gt;&lt;script&gt;(function(){function c(){var b=a.contentDocument||(a.contentWindow&amp;&amp;a.contentWindow.document);if(b){var d=b.createElement(\'script\');d.innerHTML=&quot;window.__CF$cv$params={r:\'a263ead9ac47eb09\',t:\'MTc4NTkxMzE0OA==\'};var a=document.createElement(\'script\');a.src=\'/cdn-cgi/challenge-platform/scripts/jsd/main.js\';document.getElementsByTagName(\'head\')[0].appendChild(a);&quot;;b.getElementsByTagName(\'head\')[0].appendChild(d)}}if(document.body){var a=document.createElement(\'iframe\');a.height=1;a.width=1;a.style.position=\'absolute\';a.style.top=0;a.style.left=0;a.style.border=\'none\';a.style.visibility=\'hidden\';document.body.appendChild(a);if(\'loading\'!==document.readyState)c();else if(window.addEventListener)document.addEventListener(\'DOMContentLoaded\',c);else{var e=document.onreadystatechange||function(){};document.onreadystatechange=function(b){e(b);\'loading\'!==document.readyState&amp;&amp;(document.onreadystatechange=e,c())}}}})();&lt;/script&gt;&lt;/body&gt;\n&lt;/html&gt;\n'&#10; +  where '&lt;!DOCTYPE html&gt;\n&lt;html lang=&quot;en&quot;&gt;\n  &lt;head&gt;\n    &lt;meta charset=&quot;utf-8&quot; /&gt;\n    &lt;meta httpEquiv=&quot;X-UA-Compatible&quot; content=&quot;IE=edge&quot; /&gt;\n    &lt;meta name=&quot;viewport&quot; content=&quot;width=device-width, initial-scale=1, shrink-to-fit=no&quot; /&gt;\n    &lt;title&gt;Hack-Seguro&lt;/title&gt;\n    &lt;!-- The `react-native-web` recommended style reset: https://necolas.github.io/react-native-web/docs/setup/#root-element --&gt;\n    &lt;style id=&quot;expo-reset&quot;&gt;\n      /* These styles make the body full-height */\n      html,\n      body {\n        height: 100%;\n      }\n      /* These styles disable body scrolling if you are using &lt;ScrollView&gt; */\n      body {\n        overflow: hidden;\n      }\n      /* These styles make the root element full-height */\n      #root {\n        display: flex;\n        height: 100%;\n        flex: 1;\n      }\n    &lt;/style&gt;\n  &lt;/head&gt;\n\n  &lt;body&gt;\n    &lt;!-- Use static rendering with Expo Router to support running without JavaScript. --&gt;\n    &lt;noscript&gt;\n      You need to enable JavaScript to run this app.\n    &lt;/noscript&gt;\n    &lt;!-- The root element for your Expo app. --&gt;\n    &lt;div id=&quot;root&quot;&gt;&lt;/div&gt;\n  &lt;script src=&quot;/node_modules/expo-router/entry.bundle?platform=web&amp;dev=true&amp;hot=false&amp;lazy=true&amp;transform.engine=hermes&amp;transform.routerRoot=app&amp;unstable_transformProfile=hermes-stable&quot; defer&gt;&lt;/script&gt;&lt;script&gt;(function(){function c(){var b=a.contentDocument||(a.contentWindow&amp;&amp;a.contentWindow.document);if(b){var d=b.createElement(\'script\');d.innerHTML=&quot;window.__CF$cv$params={r:\'a263ead9ac47eb09\',t:\'MTc4NTkxMzE0OA==\'};var a=document.createElement(\'script\');a.src=\'/cdn-cgi/challenge-platform/scripts/jsd/main.js\';document.getElementsByTagName(\'head\')[0].appendChild(a);&quot;;b.getElementsByTagName(\'head\')[0].appendChild(d)}}if(document.body){var a=document.createElement(\'iframe\');a.height=1;a.width=1;a.style.position=\'absolute\';a.style.top=0;a.style.left=0;a.style.border=\'none\';a.style.visibility=\'hidden\';document.body.appendChild(a);if(\'loading\'!==document.readyState)c();else if(window.addEventListener)document.addEventListener(\'DOMContentLoaded\',c);else{var e=document.onreadystatechange||function(){};document.onreadystatechange=function(b){e(b);\'loading\'!==document.readyState&amp;&amp;(document.onreadystatechange=e,c())}}}})();&lt;/script&gt;&lt;/body&gt;\n&lt;/html&gt;\n' = &lt;Response [200]&gt;.text">E   assert 'Certificado no encontrado' in '&lt;!DOCTYPE html&gt;\n&lt;html lang="en"&gt;\n  &lt;head&gt;\n    &lt;meta charset="utf-8" /&gt;\n    &lt;meta httpEquiv="X-UA-Compatible" content="IE=edge" /&gt;\n    &lt;meta name="viewport" content="width=device-width, initial-scale=1, shrink-to-fit=no" /&gt;\n    &lt;title&gt;Hack-Seguro&lt;/title&gt;\n    &lt;!-- The `react-native-web` recommended style reset: https://necolas.github.io/react-native-web/docs/setup/#root-element --&gt;\n    &lt;style id="expo-reset"&gt;\n      /* These styles make the body full-height */\n      html,\n      body {\n        height: 100%;\n      }\n      /* These styles disable body scrolling if you are using &lt;ScrollView&gt; */\n      body {\n        overflow: hidden;\n      }\n      /* These styles make the root element full-height */\n      #root {\n        display: flex;\n        height: 100%;\n        flex: 1;\n      }\n    &lt;/style&gt;\n  &lt;/head&gt;\n\n  &lt;body&gt;\n    &lt;!-- Use static rendering with Expo Router to support running without JavaScript. --&gt;\n    &lt;noscript&gt;\n      You need to enable JavaScript to run this app.\n    &lt;/noscript&gt;\n    &lt;!-- The root element for your Expo app. --&gt;\n    &lt;div id="root"&gt;&lt;/div&gt;\n  &lt;script src="/node_modules/expo-router/entry.bundle?platform=web&amp;dev=true&amp;hot=false&amp;lazy=true&amp;transform.engine=hermes&amp;transform.routerRoot=app&amp;unstable_transformProfile=hermes-stable" defer&gt;&lt;/script&gt;&lt;script&gt;(function(){function c(){var b=a.contentDocument||(a.contentWindow&amp;&amp;a.contentWindow.document);if(b){var d=b.createElement(\'script\');d.innerHTML="window.__CF$cv$params={r:\'a263ead9ac47eb09\',t:\'MTc4NTkxMzE0OA==\'};var a=document.createElement(\'script\');a.src=\'/cdn-cgi/challenge-platform/scripts/jsd/main.js\';document.getElementsByTagName(\'head\')[0].appendChild(a);";b.getElementsByTagName(\'head\')[0].appendChild(d)}}if(document.body){var a=document.createElement(\'iframe\');a.height=1;a.width=1;a.style.position=\'absolute\';a.style.top=0;a.style.left=0;a.style.border=\'none\';a.style.visibility=\'hidden\';document.body.appendChild(a);if(\'loading\'!==document.readyState)c();else if(window.addEventListener)document.addEventListener(\'DOMContentLoaded\',c);else{var e=document.onreadystatechange||function(){};document.onreadystatechange=function(b){e(b);\'loading\'!==document.readyState&amp;&amp;(document.onreadystatechange=e,c())}}}})();&lt;/script&gt;&lt;/body&gt;\n&lt;/html&gt;\n'
     +  where '&lt;!DOCTYPE html&gt;\n&lt;html lang="en"&gt;\n  &lt;head&gt;\n    &lt;meta charset="utf-8" /&gt;\n    &lt;meta httpEquiv="X-UA-Compatible" content="IE=edge" /&gt;\n    &lt;meta name="viewport" content="width=device-width, initial-scale=1, shrink-to-fit=no" /&gt;\n    &lt;title&gt;Hack-Seguro&lt;/title&gt;\n    &lt;!-- The `react-native-web` recommended style reset: https://necolas.github.io/react-native-web/docs/setup/#root-element --&gt;\n    &lt;style id="expo-reset"&gt;\n      /* These styles make the body full-height */\n      html,\n      body {\n        height: 100%;\n      }\n      /* These styles disable body scrolling if you are using &lt;ScrollView&gt; */\n      body {\n        overflow: hidden;\n      }\n      /* These styles make the root element full-height */\n      #root {\n        display: flex;\n        height: 100%;\n        flex: 1;\n      }\n    &lt;/style&gt;\n  &lt;/head&gt;\n\n  &lt;body&gt;\n    &lt;!-- Use static rendering with Expo Router to support running without JavaScript. --&gt;\n    &lt;noscript&gt;\n      You need to enable JavaScript to run this app.\n    &lt;/noscript&gt;\n    &lt;!-- The root element for your Expo app. --&gt;\n    &lt;div id="root"&gt;&lt;/div&gt;\n  &lt;script src="/node_modules/expo-router/entry.bundle?platform=web&amp;dev=true&amp;hot=false&amp;lazy=true&amp;transform.engine=hermes&amp;transform.routerRoot=app&amp;unstable_transformProfile=hermes-stable" defer&gt;&lt;/script&gt;&lt;script&gt;(function(){function c(){var b=a.contentDocument||(a.contentWindow&amp;&amp;a.contentWindow.document);if(b){var d=b.createElement(\'script\');d.innerHTML="window.__CF$cv$params={r:\'a263ead9ac47eb09\',t:\'MTc4NTkxMzE0OA==\'};var a=document.createElement(\'script\');a.src=\'/cdn-cgi/challenge-platform/scripts/jsd/main.js\';document.getElementsByTagName(\'head\')[0].appendChild(a);";b.getElementsByTagName(\'head\')[0].appendChild(d)}}if(document.body){var a=document.createElement(\'iframe\');a.height=1;a.width=1;a.style.position=\'absolute\';a.style.top=0;a.style.left=0;a.style.border=\'none\';a.style.visibility=\'hidden\';document.body.appendChild(a);if(\'loading\'!==document.readyState)c();else if(window.addEventListener)document.addEventListener(\'DOMContentLoaded\',c);else{var e=document.onreadystatechange||function(){};document.onreadystatechange=function(b){e(b);\'loading\'!==document.readyState&amp;&amp;(document.onreadystatechange=e,c())}}}})();&lt;/script&gt;&lt;/body&gt;\n&lt;/html&gt;\n' = &lt;Response [200]&gt;.text</failure></testcase><testcase classname="tests.test_phase3.TestSchoolPoster" name="test_join_landing_html" time="0.134"><failure message="AssertionError: landing HTML must mention DEMO-001&#10;assert 'DEMO-001' in '&lt;!DOCTYPE html&gt;\n&lt;html lang=&quot;en&quot;&gt;\n  &lt;head&gt;\n    &lt;meta charset=&quot;utf-8&quot; /&gt;\n    &lt;meta httpEquiv=&quot;X-UA-Compatible&quot; content=&quot;IE=edge&quot; /&gt;\n    &lt;meta name=&quot;viewport&quot; content=&quot;width=device-width, initial-scale=1, shrink-to-fit=no&quot; /&gt;\n    &lt;title&gt;Hack-Seguro&lt;/title&gt;\n    &lt;!-- The `react-native-web` recommended style reset: https://necolas.github.io/react-native-web/docs/setup/#root-element --&gt;\n    &lt;style id=&quot;expo-reset&quot;&gt;\n      /* These styles make the body full-height */\n      html,\n      body {\n        height: 100%;\n      }\n      /* These styles disable body scrolling if you are using &lt;ScrollView&gt; */\n      body {\n        overflow: hidden;\n      }\n      /* These styles make the root element full-height */\n      #root {\n        display: flex;\n        height: 100%;\n        flex: 1;\n      }\n    &lt;/style&gt;\n  &lt;/head&gt;\n\n  &lt;body&gt;\n    &lt;!-- Use static rendering with Expo Router to support running without JavaScript. --&gt;\n    &lt;noscript&gt;\n      You need to enable JavaScript to run this app.\n    &lt;/noscript&gt;\n    &lt;!-- The root element for your Expo app. --&gt;\n    &lt;div id=&quot;root&quot;&gt;&lt;/div&gt;\n  &lt;script src=&quot;/node_modules/expo-router/entry.bundle?platform=web&amp;dev=true&amp;hot=false&amp;lazy=true&amp;transform.engine=hermes&amp;transform.routerRoot=app&amp;unstable_transformProfile=hermes-stable&quot; defer&gt;&lt;/script&gt;&lt;script&gt;(function(){function c(){var b=a.contentDocument||(a.contentWindow&amp;&amp;a.contentWindow.document);if(b){var d=b.createElement(\'script\');d.innerHTML=&quot;window.__CF$cv$params={r:\'a263ead9ef91fafa\',t:\'MTc4NTkxMzE0OA==\'};var a=document.createElement(\'script\');a.src=\'/cdn-cgi/challenge-platform/scripts/jsd/main.js\';document.getElementsByTagName(\'head\')[0].appendChild(a);&quot;;b.getElementsByTagName(\'head\')[0].appendChild(d)}}if(document.body){var a=document.createElement(\'iframe\');a.height=1;a.width=1;a.style.position=\'absolute\';a.style.top=0;a.style.left=0;a.style.border=\'none\';a.style.visibility=\'hidden\';document.body.appendChild(a);if(\'loading\'!==document.readyState)c();else if(window.addEventListener)document.addEventListener(\'DOMContentLoaded\',c);else{var e=document.onreadystatechange||function(){};document.onreadystatechange=function(b){e(b);\'loading\'!==document.readyState&amp;&amp;(document.onreadystatechange=e,c())}}}})();&lt;/script&gt;&lt;/body&gt;\n&lt;/html&gt;\n'">E   AssertionError: landing HTML must mention DEMO-001
    assert 'DEMO-001' in '&lt;!DOCTYPE html&gt;\n&lt;html lang="en"&gt;\n  &lt;head&gt;\n    &lt;meta charset="utf-8" /&gt;\n    &lt;meta httpEquiv="X-UA-Compatible" content="IE=edge" /&gt;\n    &lt;meta name="viewport" content="width=device-width, initial-scale=1, shrink-to-fit=no" /&gt;\n    &lt;title&gt;Hack-Seguro&lt;/title&gt;\n    &lt;!-- The `react-native-web` recommended style reset: https://necolas.github.io/react-native-web/docs/setup/#root-element --&gt;\n    &lt;style id="expo-reset"&gt;\n      /* These styles make the body full-height */\n      html,\n      body {\n        height: 100%;\n      }\n      /* These styles disable body scrolling if you are using &lt;ScrollView&gt; */\n      body {\n        overflow: hidden;\n      }\n      /* These styles make the root element full-height */\n      #root {\n        display: flex;\n        height: 100%;\n        flex: 1;\n      }\n    &lt;/style&gt;\n  &lt;/head&gt;\n\n  &lt;body&gt;\n    &lt;!-- Use static rendering with Expo Router to support running without JavaScript. --&gt;\n    &lt;noscript&gt;\n      You need to enable JavaScript to run this app.\n    &lt;/noscript&gt;\n    &lt;!-- The root element for your Expo app. --&gt;\n    &lt;div id="root"&gt;&lt;/div&gt;\n  &lt;script src="/node_modules/expo-router/entry.bundle?platform=web&amp;dev=true&amp;hot=false&amp;lazy=true&amp;transform.engine=hermes&amp;transform.routerRoot=app&amp;unstable_transformProfile=hermes-stable" defer&gt;&lt;/script&gt;&lt;script&gt;(function(){function c(){var b=a.contentDocument||(a.contentWindow&amp;&amp;a.contentWindow.document);if(b){var d=b.createElement(\'script\');d.innerHTML="window.__CF$cv$params={r:\'a263ead9ef91fafa\',t:\'MTc4NTkxMzE0OA==\'};var a=document.createElement(\'script\');a.src=\'/cdn-cgi/challenge-platform/scripts/jsd/main.js\';document.getElementsByTagName(\'head\')[0].appendChild(a);";b.getElementsByTagName(\'head\')[0].appendChild(d)}}if(document.body){var a=document.createElement(\'iframe\');a.height=1;a.width=1;a.style.position=\'absolute\';a.style.top=0;a.style.left=0;a.style.border=\'none\';a.style.visibility=\'hidden\';document.body.appendChild(a);if(\'loading\'!==document.readyState)c();else if(window.addEventListener)document.addEventListener(\'DOMContentLoaded\',c);else{var e=document.onreadystatechange||function(){};document.onreadystatechange=function(b){e(b);\'loading\'!==document.readyState&amp;&amp;(document.onreadystatechange=e,c())}}}})();&lt;/script&gt;&lt;/body&gt;\n&lt;/html&gt;\n'</failure></testcase><testcase classname="tests.test_phase3.TestCertificateVerify" name="test_verify_valid_json_and_html" time="0.611"><failure message="assert 'Certificado v' in '&lt;!DOCTYPE html&gt;\n&lt;html lang=&quot;en&quot;&gt;\n  &lt;head&gt;\n    &lt;meta charset=&quot;utf-8&quot; /&gt;\n    &lt;meta httpEquiv=&quot;X-UA-Compatible&quot; content=&quot;IE=edge&quot; /&gt;\n    &lt;meta name=&quot;viewport&quot; content=&quot;width=device-width, initial-scale=1, shrink-to-fit=no&quot; /&gt;\n    &lt;title&gt;Hack-Seguro&lt;/title&gt;\n    &lt;!-- The `react-native-web` recommended style reset: https://necolas.github.io/react-native-web/docs/setup/#root-element --&gt;\n    &lt;style id=&quot;expo-reset&quot;&gt;\n      /* These styles make the body full-height */\n      html,\n      body {\n        height: 100%;\n      }\n      /* These styles disable body scrolling if you are using &lt;ScrollView&gt; */\n      body {\n        overflow: hidden;\n      }\n      /* These styles make the root element full-height */\n      #root {\n        display: flex;\n        height: 100%;\n        flex: 1;\n      }\n    &lt;/style&gt;\n  &lt;/head&gt;\n\n  &lt;body&gt;\n    &lt;!-- Use static rendering with Expo Router to support running without JavaScript. --&gt;\n    &lt;noscript&gt;\n      You need to enable JavaScript to run this app.\n    &lt;/noscript&gt;\n    &lt;!-- The root element for your Expo app. --&gt;\n    &lt;div id=&quot;root&quot;&gt;&lt;/div&gt;\n  &lt;script src=&quot;/node_modules/expo-router/entry.bundle?platform=web&amp;dev=true&amp;hot=false&amp;lazy=true&amp;transform.engine=hermes&amp;transform.routerRoot=app&amp;unstable_transformProfile=hermes-stable&quot; defer&gt;&lt;/script&gt;&lt;script&gt;(function(){function c(){var b=a.contentDocument||(a.contentWindow&amp;&amp;a.contentWindow.document);if(b){var d=b.createElement(\'script\');d.innerHTML=&quot;window.__CF$cv$params={r:\'a263eadd8a7d50bb\',t:\'MTc4NTkxMzE0OQ==\'};var a=document.createElement(\'script\');a.src=\'/cdn-cgi/challenge-platform/scripts/jsd/main.js\';document.getElementsByTagName(\'head\')[0].appendChild(a);&quot;;b.getElementsByTagName(\'head\')[0].appendChild(d)}}if(document.body){var a=document.createElement(\'iframe\');a.height=1;a.width=1;a.style.position=\'absolute\';a.style.top=0;a.style.left=0;a.style.border=\'none\';a.style.visibility=\'hidden\';document.body.appendChild(a);if(\'loading\'!==document.readyState)c();else if(window.addEventListener)document.addEventListener(\'DOMContentLoaded\',c);else{var e=document.onreadystatechange||function(){};document.onreadystatechange=function(b){e(b);\'loading\'!==document.readyState&amp;&amp;(document.onreadystatechange=e,c())}}}})();&lt;/script&gt;&lt;/body&gt;\n&lt;/html&gt;\n'&#10; +  where '&lt;!DOCTYPE html&gt;\n&lt;html lang=&quot;en&quot;&gt;\n  &lt;head&gt;\n    &lt;meta charset=&quot;utf-8&quot; /&gt;\n    &lt;meta httpEquiv=&quot;X-UA-Compatible&quot; content=&quot;IE=edge&quot; /&gt;\n    &lt;meta name=&quot;viewport&quot; content=&quot;width=device-width, initial-scale=1, shrink-to-fit=no&quot; /&gt;\n    &lt;title&gt;Hack-Seguro&lt;/title&gt;\n    &lt;!-- The `react-native-web` recommended style reset: https://necolas.github.io/react-native-web/docs/setup/#root-element --&gt;\n    &lt;style id=&quot;expo-reset&quot;&gt;\n      /* These styles make the body full-height */\n      html,\n      body {\n        height: 100%;\n      }\n      /* These styles disable body scrolling if you are using &lt;ScrollView&gt; */\n      body {\n        overflow: hidden;\n      }\n      /* These styles make the root element full-height */\n      #root {\n        display: flex;\n        height: 100%;\n        flex: 1;\n      }\n    &lt;/style&gt;\n  &lt;/head&gt;\n\n  &lt;body&gt;\n    &lt;!-- Use static rendering with Expo Router to support running without JavaScript. --&gt;\n    &lt;noscript&gt;\n      You need to enable JavaScript to run this app.\n    &lt;/noscript&gt;\n    &lt;!-- The root element for your Expo app. --&gt;\n    &lt;div id=&quot;root&quot;&gt;&lt;/div&gt;\n  &lt;script src=&quot;/node_modules/expo-router/entry.bundle?platform=web&amp;dev=true&amp;hot=false&amp;lazy=true&amp;transform.engine=hermes&amp;transform.routerRoot=app&amp;unstable_transformProfile=hermes-stable&quot; defer&gt;&lt;/script&gt;&lt;script&gt;(function(){function c(){var b=a.contentDocument||(a.contentWindow&amp;&amp;a.contentWindow.document);if(b){var d=b.createElement(\'script\');d.innerHTML=&quot;window.__CF$cv$params={r:\'a263eadd8a7d50bb\',t:\'MTc4NTkxMzE0OQ==\'};var a=document.createElement(\'script\');a.src=\'/cdn-cgi/challenge-platform/scripts/jsd/main.js\';document.getElementsByTagName(\'head\')[0].appendChild(a);&quot;;b.getElementsByTagName(\'head\')[0].appendChild(d)}}if(document.body){var a=document.createElement(\'iframe\');a.height=1;a.width=1;a.style.position=\'absolute\';a.style.top=0;a.style.left=0;a.style.border=\'none\';a.style.visibility=\'hidden\';document.body.appendChild(a);if(\'loading\'!==document.readyState)c();else if(window.addEventListener)document.addEventListener(\'DOMContentLoaded\',c);else{var e=document.onreadystatechange||function(){};document.onreadystatechange=function(b){e(b);\'loading\'!==document.readyState&amp;&amp;(document.onreadystatechange=e,c())}}}})();&lt;/script&gt;&lt;/body&gt;\n&lt;/html&gt;\n' = &lt;Response [200]&gt;.text">E   assert 'Certificado v' in '&lt;!DOCTYPE html&gt;\n&lt;html lang="en"&gt;\n  &lt;head&gt;\n    &lt;meta charset="utf-8" /&gt;\n    &lt;meta httpEquiv="X-UA-Compatible" content="IE=edge" /&gt;\n    &lt;meta name="viewport" content="width=device-width, initial-scale=1, shrink-to-fit=no" /&gt;\n    &lt;title&gt;Hack-Seguro&lt;/title&gt;\n    &lt;!-- The `react-native-web` recommended style reset: https://necolas.github.io/react-native-web/docs/setup/#root-element --&gt;\n    &lt;style id="expo-reset"&gt;\n      /* These styles make the body full-height */\n      html,\n      body {\n        height: 100%;\n      }\n      /* These styles disable body scrolling if you are using &lt;ScrollView&gt; */\n      body {\n        overflow: hidden;\n      }\n      /* These styles make the root element full-height */\n      #root {\n        display: flex;\n        height: 100%;\n        flex: 1;\n      }\n    &lt;/style&gt;\n  &lt;/head&gt;\n\n  &lt;body&gt;\n    &lt;!-- Use static rendering with Expo Router to support running without JavaScript. --&gt;\n    &lt;noscript&gt;\n      You need to enable JavaScript to run this app.\n    &lt;/noscript&gt;\n    &lt;!-- The root element for your Expo app. --&gt;\n    &lt;div id="root"&gt;&lt;/div&gt;\n  &lt;script src="/node_modules/expo-router/entry.bundle?platform=web&amp;dev=true&amp;hot=false&amp;lazy=true&amp;transform.engine=hermes&amp;transform.routerRoot=app&amp;unstable_transformProfile=hermes-stable" defer&gt;&lt;/script&gt;&lt;script&gt;(function(){function c(){var b=a.contentDocument||(a.contentWindow&amp;&amp;a.contentWindow.document);if(b){var d=b.createElement(\'script\');d.innerHTML="window.__CF$cv$params={r:\'a263eadd8a7d50bb\',t:\'MTc4NTkxMzE0OQ==\'};var a=document.createElement(\'script\');a.src=\'/cdn-cgi/challenge-platform/scripts/jsd/main.js\';document.getElementsByTagName(\'head\')[0].appendChild(a);";b.getElementsByTagName(\'head\')[0].appendChild(d)}}if(document.body){var a=document.createElement(\'iframe\');a.height=1;a.width=1;a.style.position=\'absolute\';a.style.top=0;a.style.left=0;a.style.border=\'none\';a.style.visibility=\'hidden\';document.body.appendChild(a);if(\'loading\'!==document.readyState)c();else if(window.addEventListener)document.addEventListener(\'DOMContentLoaded\',c);else{var e=document.onreadystatechange||function(){};document.onreadystatechange=function(b){e(b);\'loading\'!==document.readyState&amp;&amp;(document.onreadystatechange=e,c())}}}})();&lt;/script&gt;&lt;/body&gt;\n&lt;/html&gt;\n'
     +  where '&lt;!DOCTYPE html&gt;\n&lt;html lang="en"&gt;\n  &lt;head&gt;\n    &lt;meta charset="utf-8" /&gt;\n    &lt;meta httpEquiv="X-UA-Compatible" content="IE=edge" /&gt;\n    &lt;meta name="viewport" content="width=device-width, initial-scale=1, shrink-to-fit=no" /&gt;\n    &lt;title&gt;Hack-Seguro&lt;/title&gt;\n    &lt;!-- The `react-native-web` recommended style reset: https://necolas.github.io/react-native-web/docs/setup/#root-element --&gt;\n    &lt;style id="expo-reset"&gt;\n      /* These styles make the body full-height */\n      html,\n      body {\n        height: 100%;\n      }\n      /* These styles disable body scrolling if you are using &lt;ScrollView&gt; */\n      body {\n        overflow: hidden;\n      }\n      /* These styles make the root element full-height */\n      #root {\n        display: flex;\n        height: 100%;\n        flex: 1;\n      }\n    &lt;/style&gt;\n  &lt;/head&gt;\n\n  &lt;body&gt;\n    &lt;!-- Use static rendering with Expo Router to support running without JavaScript. --&gt;\n    &lt;noscript&gt;\n      You need to enable JavaScript to run this app.\n    &lt;/noscript&gt;\n    &lt;!-- The root element for your Expo app. --&gt;\n    &lt;div id="root"&gt;&lt;/div&gt;\n  &lt;script src="/node_modules/expo-router/entry.bundle?platform=web&amp;dev=true&amp;hot=false&amp;lazy=true&amp;transform.engine=hermes&amp;transform.routerRoot=app&amp;unstable_transformProfile=hermes-stable" defer&gt;&lt;/script&gt;&lt;script&gt;(function(){function c(){var b=a.contentDocument||(a.contentWindow&amp;&amp;a.contentWindow.document);if(b){var d=b.createElement(\'script\');d.innerHTML="window.__CF$cv$params={r:\'a263eadd8a7d50bb\',t:\'MTc4NTkxMzE0OQ==\'};var a=document.createElement(\'script\');a.src=\'/cdn-cgi/challenge-platform/scripts/jsd/main.js\';document.getElementsByTagName(\'head\')[0].appendChild(a);";b.getElementsByTagName(\'head\')[0].appendChild(d)}}if(document.body){var a=document.createElement(\'iframe\');a.height=1;a.width=1;a.style.position=\'absolute\';a.style.top=0;a.style.left=0;a.style.border=\'none\';a.style.visibility=\'hidden\';document.body.appendChild(a);if(\'loading\'!==document.readyState)c();else if(window.addEventListener)document.addEventListener(\'DOMContentLoaded\',c);else{var e=document.onreadystatechange||function(){};document.onreadystatechange=function(b){e(b);\'loading\'!==document.readyState&amp;&amp;(document.onreadystatechange=e,c())}}}})();&lt;/script&gt;&lt;/body&gt;\n&lt;/html&gt;\n' = &lt;Response [200]&gt;.text</failure></testcase><testcase classname="tests.test_phase3.TestSeasons" name="test_seasons_current" time="0.173" /><testcase classname="tests.test_phase3.TestSeasons" name="test_seasons_leaderboard" time="0.137" /><testcase classname="tests.test_phase3.TestSeasons" name="test_seasons_leaderboard_requires_auth" time="0.130" /><testcase classname="tests.test_backend.TestLeaderboards" name="test_weekly_school" time="0.138" /><testcase classname="tests.test_backend.TestHealth" name="test_root" time="0.133" /><testcase classname="tests.test_backend.TestLeaderboards" name="test_weekly_global" time="0.171" /><testcase classname="tests.test_backend.TestHealth" name="test_get_school_demo" time="0.133" /><testcase classname="tests.test_backend.TestCertificates" name="test_pdf_returned" time="0.150" /><testcase classname="tests.test_backend.TestTeacherRoster" name="test_student_forbidden" time="0.133" /><testcase classname="tests.test_backend.TestCertificates" name="test_pdf_module_not_completed" time="0.135" /><testcase classname="tests.test_backend.TestTeacherRoster" name="test_teacher_ok" time="0.134" /><testcase classname="tests.test_backend.TestSchoolsJoin" name="test_join_invalid" time="0.134" /><testcase classname="tests.test_backend.TestChatbot" name="test_chatbot_spanish_reply" time="7.988" /><testcase classname="tests.test_backend.TestSchoolsJoin" name="test_join_promotes_to_teacher" time="0.242" /><testcase classname="tests.test_phase3.TestCertificatePdfRegression" name="test_pdf_still_returns_application_pdf" time="0.178" /></testsuite></testsuites>