<?xml version="1.0" encoding="utf-8"?><testsuites name="pytest tests"><testsuite name="pytest" errors="0" failures="0" skipped="0" tests="13" time="6.432" timestamp="2026-08-07T08:21:55.396317+00:00" hostname="agent-env-bc3e24a4-c3c9-41ee-adc1-3ecc459a8f4f"><testcase classname="tests.test_auth_email.TestResetPassword" name="test_reset_wrong_code_400" time="1.210" /><testcase classname="tests.test_auth_email.TestRegister" name="test_register_success_returns_session_and_authorises_me" time="0.719" /><testcase classname="tests.test_auth_email.TestRegister" name="test_register_invalid_email_422" time="0.224" /><testcase classname="tests.test_auth_email.TestRegister" name="test_register_password_too_short_422" time="0.264" /><testcase classname="tests.test_auth_email.TestResetPassword" name="test_reset_short_password_422" time="0.888" /><testcase classname="tests.test_auth_email.TestRegister" name="test_register_empty_name_422" time="0.096" /><testcase classname="tests.test_auth_email.TestRegister" name="test_register_invalid_role_422" time="0.255" /><testcase classname="tests.test_auth_email.TestRegister" name="test_register_duplicate_email_409" time="0.576" /><testcase classname="tests.test_auth_email.TestResetPassword" name="test_reset_success_rotates_session_and_code_single_use" time="2.609" /><testcase classname="tests.test_auth_email.TestForgotPassword" name="test_forgot_ok_for_unknown_and_creates_otp_for_known" time="1.057" /><testcase classname="tests.test_auth_email.TestForgotPassword" name="test_forgot_rate_limit_429" time="1.588" /><testcase classname="tests.test_auth_email.TestLogin" name="test_login_success" time="0.623" /><testcase classname="tests.test_auth_email.TestLogin" name="test_login_wrong_password_401" time="0.698" /></testsuite></testsuites>