<?xml version="1.0" encoding="utf-8"?><testsuites name="pytest tests"><testsuite name="pytest" errors="0" failures="3" skipped="0" tests="18" time="1.996" timestamp="2026-08-05T06:58:27.615244+00:00" hostname="agent-env-bc3e24a4-c3c9-41ee-adc1-3ecc459a8f4f"><testcase classname="tests.test_phase3.TestPush" name="test_register_push_user_mismatch" time="0.293" /><testcase classname="tests.test_phase3.TestLeaderboardScopes" name="test_scope_city" time="0.220" /><testcase classname="tests.test_phase3.TestLeaderboardScopes" name="test_scope_state" time="0.135" /><testcase classname="tests.test_phase3.TestPush" name="test_register_push_self_with_placeholder_key" time="0.289" /><testcase classname="tests.test_phase3.TestLeaderboardScopes" name="test_scope_school_still_works" time="0.134" /><testcase classname="tests.test_phase3.TestLeaderboardScopes" name="test_scope_bogus" time="0.136" /><testcase classname="tests.test_phase3.TestPush" name="test_register_push_requires_auth" time="0.130" /><testcase classname="tests.test_phase3.TestSchoolPoster" name="test_poster_png" time="0.356" /><testcase classname="tests.test_phase3.TestPush" name="test_streak_reminder" time="0.216" /><testcase classname="tests.test_phase3.TestCertificateVerify" name="test_verify_bad_id_json" time="0.136" /><testcase classname="tests.test_phase3.TestSchoolPoster" name="test_poster_unknown_school_404" time="0.134" /><testcase classname="tests.test_phase3.TestCertificateVerify" name="test_verify_bad_id_html" time="0.133"><failure message="assert 'Certificado no encontrado' in '&lt;!DOCTYPE html&gt;\n&lt;html lang=&quot;en&quot;&gt;\n  &lt;head&gt;\n    &lt;meta charset=&quot;utf-8&quot; /&gt;\n    &lt;meta httpEquiv=&quot;X-UA-Compatible&quot; content=&quot;IE=edge&quot; /&gt;\n    &lt;meta name=&quot;viewport&quot; content=&quot;width=device-width, initial-scale=1, shrink-to-fit=no&quot; /&gt;\n    &lt;title&gt;Hack-Seguro&lt;/title&gt;\n    &lt;!-- The `react-native-web` recommended style reset: https://necolas.github.io/react-native-web/docs/setup/#root-element --&gt;\n    &lt;style id=&quot;expo-reset&quot;&gt;\n      /* These styles make the body full-height */\n      html,\n      body {\n        height: 100%;\n      }\n      /* These styles disable body scrolling if you are using &lt;ScrollView&gt; */\n      body {\n        overflow: hidden;\n      }\n      /* These styles make the root element full-height */\n      #root {\n        display: flex;\n        height: 100%;\n        flex: 1;\n      }\n    &lt;/style&gt;\n  &lt;/head&gt;\n\n  &lt;body&gt;\n    &lt;!-- Use static rendering with Expo Router to support running without JavaScript. --&gt;\n    &lt;noscript&gt;\n      You need to enable JavaScript to run this app.\n    &lt;/noscript&gt;\n    &lt;!-- The root element for your Expo app. --&gt;\n    &lt;div id=&quot;root&quot;&gt;&lt;/div&gt;\n  &lt;script src=&quot;/node_modules/expo-router/entry.bundle?platform=web&amp;dev=true&amp;hot=false&amp;lazy=true&amp;transform.engine=hermes&amp;transform.routerRoot=app&amp;unstable_transformProfile=hermes-stable&quot; defer&gt;&lt;/script&gt;&lt;script&gt;(function(){function c(){var b=a.contentDocument||(a.contentWindow&amp;&amp;a.contentWindow.document);if(b){var d=b.createElement(\'script\');d.innerHTML=&quot;window.__CF$cv$params={r:\'a263e9e37f17eb56\',t:\'MTc4NTkxMzEwOQ==\'};var a=document.createElement(\'script\');a.src=\'/cdn-cgi/challenge-platform/scripts/jsd/main.js\';document.getElementsByTagName(\'head\')[0].appendChild(a);&quot;;b.getElementsByTagName(\'head\')[0].appendChild(d)}}if(document.body){var a=document.createElement(\'iframe\');a.height=1;a.width=1;a.style.position=\'absolute\';a.style.top=0;a.style.left=0;a.style.border=\'none\';a.style.visibility=\'hidden\';document.body.appendChild(a);if(\'loading\'!==document.readyState)c();else if(window.addEventListener)document.addEventListener(\'DOMContentLoaded\',c);else{var e=document.onreadystatechange||function(){};document.onreadystatechange=function(b){e(b);\'loading\'!==document.readyState&amp;&amp;(document.onreadystatechange=e,c())}}}})();&lt;/script&gt;&lt;/body&gt;\n&lt;/html&gt;\n'&#10; +  where '&lt;!DOCTYPE html&gt;\n&lt;html lang=&quot;en&quot;&gt;\n  &lt;head&gt;\n    &lt;meta charset=&quot;utf-8&quot; /&gt;\n    &lt;meta httpEquiv=&quot;X-UA-Compatible&quot; content=&quot;IE=edge&quot; /&gt;\n    &lt;meta name=&quot;viewport&quot; content=&quot;width=device-width, initial-scale=1, shrink-to-fit=no&quot; /&gt;\n    &lt;title&gt;Hack-Seguro&lt;/title&gt;\n    &lt;!-- The `react-native-web` recommended style reset: https://necolas.github.io/react-native-web/docs/setup/#root-element --&gt;\n    &lt;style id=&quot;expo-reset&quot;&gt;\n      /* These styles make the body full-height */\n      html,\n      body {\n        height: 100%;\n      }\n      /* These styles disable body scrolling if you are using &lt;ScrollView&gt; */\n      body {\n        overflow: hidden;\n      }\n      /* These styles make the root element full-height */\n      #root {\n        display: flex;\n        height: 100%;\n        flex: 1;\n      }\n    &lt;/style&gt;\n  &lt;/head&gt;\n\n  &lt;body&gt;\n    &lt;!-- Use static rendering with Expo Router to support running without JavaScript. --&gt;\n    &lt;noscript&gt;\n      You need to enable JavaScript to run this app.\n    &lt;/noscript&gt;\n    &lt;!-- The root element for your Expo app. --&gt;\n    &lt;div id=&quot;root&quot;&gt;&lt;/div&gt;\n  &lt;script src=&quot;/node_modules/expo-router/entry.bundle?platform=web&amp;dev=true&amp;hot=false&amp;lazy=true&amp;transform.engine=hermes&amp;transform.routerRoot=app&amp;unstable_transformProfile=hermes-stable&quot; defer&gt;&lt;/script&gt;&lt;script&gt;(function(){function c(){var b=a.contentDocument||(a.contentWindow&amp;&amp;a.contentWindow.document);if(b){var d=b.createElement(\'script\');d.innerHTML=&quot;window.__CF$cv$params={r:\'a263e9e37f17eb56\',t:\'MTc4NTkxMzEwOQ==\'};var a=document.createElement(\'script\');a.src=\'/cdn-cgi/challenge-platform/scripts/jsd/main.js\';document.getElementsByTagName(\'head\')[0].appendChild(a);&quot;;b.getElementsByTagName(\'head\')[0].appendChild(d)}}if(document.body){var a=document.createElement(\'iframe\');a.height=1;a.width=1;a.style.position=\'absolute\';a.style.top=0;a.style.left=0;a.style.border=\'none\';a.style.visibility=\'hidden\';document.body.appendChild(a);if(\'loading\'!==document.readyState)c();else if(window.addEventListener)document.addEventListener(\'DOMContentLoaded\',c);else{var e=document.onreadystatechange||function(){};document.onreadystatechange=function(b){e(b);\'loading\'!==document.readyState&amp;&amp;(document.onreadystatechange=e,c())}}}})();&lt;/script&gt;&lt;/body&gt;\n&lt;/html&gt;\n' = &lt;Response [200]&gt;.text">tests/test_phase3.py:51: in test_verify_bad_id_html
    assert "Certificado no encontrado" in r.text
E   assert 'Certificado no encontrado' in '&lt;!DOCTYPE html&gt;\n&lt;html lang="en"&gt;\n  &lt;head&gt;\n    &lt;meta charset="utf-8" /&gt;\n    &lt;meta httpEquiv="X-UA-Compatible" content="IE=edge" /&gt;\n    &lt;meta name="viewport" content="width=device-width, initial-scale=1, shrink-to-fit=no" /&gt;\n    &lt;title&gt;Hack-Seguro&lt;/title&gt;\n    &lt;!-- The `react-native-web` recommended style reset: https://necolas.github.io/react-native-web/docs/setup/#root-element --&gt;\n    &lt;style id="expo-reset"&gt;\n      /* These styles make the body full-height */\n      html,\n      body {\n        height: 100%;\n      }\n      /* These styles disable body scrolling if you are using &lt;ScrollView&gt; */\n      body {\n        overflow: hidden;\n      }\n      /* These styles make the root element full-height */\n      #root {\n        display: flex;\n        height: 100%;\n        flex: 1;\n      }\n    &lt;/style&gt;\n  &lt;/head&gt;\n\n  &lt;body&gt;\n    &lt;!-- Use static rendering with Expo Router to support running without JavaScript. --&gt;\n    &lt;noscript&gt;\n      You need to enable JavaScript to run this app.\n    &lt;/noscript&gt;\n    &lt;!-- The root element for your Expo app. --&gt;\n    &lt;div id="root"&gt;&lt;/div&gt;\n  &lt;script src="/node_modules/expo-router/entry.bundle?platform=web&amp;dev=true&amp;hot=false&amp;lazy=true&amp;transform.engine=hermes&amp;transform.routerRoot=app&amp;unstable_transformProfile=hermes-stable" defer&gt;&lt;/script&gt;&lt;script&gt;(function(){function c(){var b=a.contentDocument||(a.contentWindow&amp;&amp;a.contentWindow.document);if(b){var d=b.createElement(\'script\');d.innerHTML="window.__CF$cv$params={r:\'a263e9e37f17eb56\',t:\'MTc4NTkxMzEwOQ==\'};var a=document.createElement(\'script\');a.src=\'/cdn-cgi/challenge-platform/scripts/jsd/main.js\';document.getElementsByTagName(\'head\')[0].appendChild(a);";b.getElementsByTagName(\'head\')[0].appendChild(d)}}if(document.body){var a=document.createElement(\'iframe\');a.height=1;a.width=1;a.style.position=\'absolute\';a.style.top=0;a.style.left=0;a.style.border=\'none\';a.style.visibility=\'hidden\';document.body.appendChild(a);if(\'loading\'!==document.readyState)c();else if(window.addEventListener)document.addEventListener(\'DOMContentLoaded\',c);else{var e=document.onreadystatechange||function(){};document.onreadystatechange=function(b){e(b);\'loading\'!==document.readyState&amp;&amp;(document.onreadystatechange=e,c())}}}})();&lt;/script&gt;&lt;/body&gt;\n&lt;/html&gt;\n'
E    +  where '&lt;!DOCTYPE html&gt;\n&lt;html lang="en"&gt;\n  &lt;head&gt;\n    &lt;meta charset="utf-8" /&gt;\n    &lt;meta httpEquiv="X-UA-Compatible" content="IE=edge" /&gt;\n    &lt;meta name="viewport" content="width=device-width, initial-scale=1, shrink-to-fit=no" /&gt;\n    &lt;title&gt;Hack-Seguro&lt;/title&gt;\n    &lt;!-- The `react-native-web` recommended style reset: https://necolas.github.io/react-native-web/docs/setup/#root-element --&gt;\n    &lt;style id="expo-reset"&gt;\n      /* These styles make the body full-height */\n      html,\n      body {\n        height: 100%;\n      }\n      /* These styles disable body scrolling if you are using &lt;ScrollView&gt; */\n      body {\n        overflow: hidden;\n      }\n      /* These styles make the root element full-height */\n      #root {\n        display: flex;\n        height: 100%;\n        flex: 1;\n      }\n    &lt;/style&gt;\n  &lt;/head&gt;\n\n  &lt;body&gt;\n    &lt;!-- Use static rendering with Expo Router to support running without JavaScript. --&gt;\n    &lt;noscript&gt;\n      You need to enable JavaScript to run this app.\n    &lt;/noscript&gt;\n    &lt;!-- The root element for your Expo app. --&gt;\n    &lt;div id="root"&gt;&lt;/div&gt;\n  &lt;script src="/node_modules/expo-router/entry.bundle?platform=web&amp;dev=true&amp;hot=false&amp;lazy=true&amp;transform.engine=hermes&amp;transform.routerRoot=app&amp;unstable_transformProfile=hermes-stable" defer&gt;&lt;/script&gt;&lt;script&gt;(function(){function c(){var b=a.contentDocument||(a.contentWindow&amp;&amp;a.contentWindow.document);if(b){var d=b.createElement(\'script\');d.innerHTML="window.__CF$cv$params={r:\'a263e9e37f17eb56\',t:\'MTc4NTkxMzEwOQ==\'};var a=document.createElement(\'script\');a.src=\'/cdn-cgi/challenge-platform/scripts/jsd/main.js\';document.getElementsByTagName(\'head\')[0].appendChild(a);";b.getElementsByTagName(\'head\')[0].appendChild(d)}}if(document.body){var a=document.createElement(\'iframe\');a.height=1;a.width=1;a.style.position=\'absolute\';a.style.top=0;a.style.left=0;a.style.border=\'none\';a.style.visibility=\'hidden\';document.body.appendChild(a);if(\'loading\'!==document.readyState)c();else if(window.addEventListener)document.addEventListener(\'DOMContentLoaded\',c);else{var e=document.onreadystatechange||function(){};document.onreadystatechange=function(b){e(b);\'loading\'!==document.readyState&amp;&amp;(document.onreadystatechange=e,c())}}}})();&lt;/script&gt;&lt;/body&gt;\n&lt;/html&gt;\n' = &lt;Response [200]&gt;.text</failure></testcase><testcase classname="tests.test_phase3.TestSchoolPoster" name="test_join_landing_html" time="0.133"><failure message="AssertionError: landing HTML must mention DEMO-001&#10;assert 'DEMO-001' in '&lt;!DOCTYPE html&gt;\n&lt;html lang=&quot;en&quot;&gt;\n  &lt;head&gt;\n    &lt;meta charset=&quot;utf-8&quot; /&gt;\n    &lt;meta httpEquiv=&quot;X-UA-Compatible&quot; content=&quot;IE=edge&quot; /&gt;\n    &lt;meta name=&quot;viewport&quot; content=&quot;width=device-width, initial-scale=1, shrink-to-fit=no&quot; /&gt;\n    &lt;title&gt;Hack-Seguro&lt;/title&gt;\n    &lt;!-- The `react-native-web` recommended style reset: https://necolas.github.io/react-native-web/docs/setup/#root-element --&gt;\n    &lt;style id=&quot;expo-reset&quot;&gt;\n      /* These styles make the body full-height */\n      html,\n      body {\n        height: 100%;\n      }\n      /* These styles disable body scrolling if you are using &lt;ScrollView&gt; */\n      body {\n        overflow: hidden;\n      }\n      /* These styles make the root element full-height */\n      #root {\n        display: flex;\n        height: 100%;\n        flex: 1;\n      }\n    &lt;/style&gt;\n  &lt;/head&gt;\n\n  &lt;body&gt;\n    &lt;!-- Use static rendering with Expo Router to support running without JavaScript. --&gt;\n    &lt;noscript&gt;\n      You need to enable JavaScript to run this app.\n    &lt;/noscript&gt;\n    &lt;!-- The root element for your Expo app. --&gt;\n    &lt;div id=&quot;root&quot;&gt;&lt;/div&gt;\n  &lt;script src=&quot;/node_modules/expo-router/entry.bundle?platform=web&amp;dev=true&amp;hot=false&amp;lazy=true&amp;transform.engine=hermes&amp;transform.routerRoot=app&amp;unstable_transformProfile=hermes-stable&quot; defer&gt;&lt;/script&gt;&lt;script&gt;(function(){function c(){var b=a.contentDocument||(a.contentWindow&amp;&amp;a.contentWindow.document);if(b){var d=b.createElement(\'script\');d.innerHTML=&quot;window.__CF$cv$params={r:\'a263e9e3c803a162\',t:\'MTc4NTkxMzEwOQ==\'};var a=document.createElement(\'script\');a.src=\'/cdn-cgi/challenge-platform/scripts/jsd/main.js\';document.getElementsByTagName(\'head\')[0].appendChild(a);&quot;;b.getElementsByTagName(\'head\')[0].appendChild(d)}}if(document.body){var a=document.createElement(\'iframe\');a.height=1;a.width=1;a.style.position=\'absolute\';a.style.top=0;a.style.left=0;a.style.border=\'none\';a.style.visibility=\'hidden\';document.body.appendChild(a);if(\'loading\'!==document.readyState)c();else if(window.addEventListener)document.addEventListener(\'DOMContentLoaded\',c);else{var e=document.onreadystatechange||function(){};document.onreadystatechange=function(b){e(b);\'loading\'!==document.readyState&amp;&amp;(document.onreadystatechange=e,c())}}}})();&lt;/script&gt;&lt;/body&gt;\n&lt;/html&gt;\n'">tests/test_phase3.py:35: in test_join_landing_html
    assert "DEMO-001" in body, "landing HTML must mention DEMO-001"
E   AssertionError: landing HTML must mention DEMO-001
E   assert 'DEMO-001' in '&lt;!DOCTYPE html&gt;\n&lt;html lang="en"&gt;\n  &lt;head&gt;\n    &lt;meta charset="utf-8" /&gt;\n    &lt;meta httpEquiv="X-UA-Compatible" content="IE=edge" /&gt;\n    &lt;meta name="viewport" content="width=device-width, initial-scale=1, shrink-to-fit=no" /&gt;\n    &lt;title&gt;Hack-Seguro&lt;/title&gt;\n    &lt;!-- The `react-native-web` recommended style reset: https://necolas.github.io/react-native-web/docs/setup/#root-element --&gt;\n    &lt;style id="expo-reset"&gt;\n      /* These styles make the body full-height */\n      html,\n      body {\n        height: 100%;\n      }\n      /* These styles disable body scrolling if you are using &lt;ScrollView&gt; */\n      body {\n        overflow: hidden;\n      }\n      /* These styles make the root element full-height */\n      #root {\n        display: flex;\n        height: 100%;\n        flex: 1;\n      }\n    &lt;/style&gt;\n  &lt;/head&gt;\n\n  &lt;body&gt;\n    &lt;!-- Use static rendering with Expo Router to support running without JavaScript. --&gt;\n    &lt;noscript&gt;\n      You need to enable JavaScript to run this app.\n    &lt;/noscript&gt;\n    &lt;!-- The root element for your Expo app. --&gt;\n    &lt;div id="root"&gt;&lt;/div&gt;\n  &lt;script src="/node_modules/expo-router/entry.bundle?platform=web&amp;dev=true&amp;hot=false&amp;lazy=true&amp;transform.engine=hermes&amp;transform.routerRoot=app&amp;unstable_transformProfile=hermes-stable" defer&gt;&lt;/script&gt;&lt;script&gt;(function(){function c(){var b=a.contentDocument||(a.contentWindow&amp;&amp;a.contentWindow.document);if(b){var d=b.createElement(\'script\');d.innerHTML="window.__CF$cv$params={r:\'a263e9e3c803a162\',t:\'MTc4NTkxMzEwOQ==\'};var a=document.createElement(\'script\');a.src=\'/cdn-cgi/challenge-platform/scripts/jsd/main.js\';document.getElementsByTagName(\'head\')[0].appendChild(a);";b.getElementsByTagName(\'head\')[0].appendChild(d)}}if(document.body){var a=document.createElement(\'iframe\');a.height=1;a.width=1;a.style.position=\'absolute\';a.style.top=0;a.style.left=0;a.style.border=\'none\';a.style.visibility=\'hidden\';document.body.appendChild(a);if(\'loading\'!==document.readyState)c();else if(window.addEventListener)document.addEventListener(\'DOMContentLoaded\',c);else{var e=document.onreadystatechange||function(){};document.onreadystatechange=function(b){e(b);\'loading\'!==document.readyState&amp;&amp;(document.onreadystatechange=e,c())}}}})();&lt;/script&gt;&lt;/body&gt;\n&lt;/html&gt;\n'</failure></testcase><testcase classname="tests.test_phase3.TestCertificateVerify" name="test_verify_valid_json_and_html" time="0.208"><failure message="AssertionError: cert_id (HS-XXXXXXXX) not found in PDF bytes&#10;assert None is not None">tests/test_phase3.py:67: in test_verify_valid_json_and_html
    assert m is not None, "cert_id (HS-XXXXXXXX) not found in PDF bytes"
E   AssertionError: cert_id (HS-XXXXXXXX) not found in PDF bytes
E   assert None is not None</failure></testcase><testcase classname="tests.test_phase3.TestSeasons" name="test_seasons_current" time="0.131" /><testcase classname="tests.test_phase3.TestSeasons" name="test_seasons_leaderboard" time="0.132" /><testcase classname="tests.test_phase3.TestCertificatePdfRegression" name="test_pdf_still_returns_application_pdf" time="0.157" /><testcase classname="tests.test_phase3.TestSeasons" name="test_seasons_leaderboard_requires_auth" time="0.129" /></testsuite></testsuites>