<?xml version="1.0" encoding="utf-8"?><testsuites name="pytest tests"><testsuite name="pytest" errors="0" failures="0" skipped="0" tests="16" time="17.739" timestamp="2026-08-07T09:01:50.990232+00:00" hostname="agent-env-bc3e24a4-c3c9-41ee-adc1-3ecc459a8f4f"><testcase classname="tests.test_referrals.TestReferralConfirmation" name="test_a_first_lesson_promotes_to_valid" time="1.805" /><testcase classname="tests.test_referrals.TestRegisterWithRef" name="test_a_valid_ref_sets_attribution" time="1.344" /><testcase classname="tests.test_referrals.TestRegisterWithRef" name="test_b_bogus_ref_is_silently_ignored" time="0.355" /><testcase classname="tests.test_referrals.TestRegisterWithRef" name="test_c_self_referral_is_ignored" time="1.065" /><testcase classname="tests.test_referrals.TestReferralConfirmation" name="test_b_second_lesson_does_not_double_count" time="1.383" /><testcase classname="tests.test_referrals.TestRegisterWithRef" name="test_d_duplicate_email_does_not_double_bump" time="1.249" /><testcase classname="tests.test_referrals.TestReferralConfirmation" name="test_c_three_valid_unlocks_embajador_digital" time="3.788" /><testcase classname="tests.test_referrals.TestReferralsMine" name="test_shape_and_share_url" time="0.516" /><testcase classname="tests.test_referrals.TestReferralsMine" name="test_invitees_cap_at_20_and_first_name_only" time="9.776" /><testcase classname="tests.test_referrals.TestReferralConfirmation" name="test_d_ten_valid_unlocks_embajador_oro" time="9.550" /><testcase classname="tests.test_referrals.TestReferralsMine" name="test_no_auth_401" time="0.090" /><testcase classname="tests.test_referrals.TestJoinLanding" name="test_landing_with_ref_and_code" time="0.640" /><testcase classname="tests.test_referrals.TestJoinLanding" name="test_landing_missing_ref_still_renders_school" time="0.095" /><testcase classname="tests.test_referrals.TestSessionReferralAttribution" name="test_session_helper_attaches_ref" time="0.868" /><testcase classname="tests.test_referrals.TestReferralPoster" name="test_png_bytes_and_headers" time="0.731" /><testcase classname="tests.test_referrals.TestReferralPoster" name="test_no_auth_401" time="0.092" /></testsuite></testsuites>