<?xml version="1.0" encoding="utf-8"?><testsuites name="pytest tests"><testsuite name="pytest" errors="0" failures="0" skipped="0" tests="12" time="3.081" timestamp="2026-08-08T20:38:51.071689+00:00" hostname="agent-env-bc3e24a4-c3c9-41ee-adc1-3ecc459a8f4f"><testcase classname="tests.test_referrals_iter7.TestPosterQueryToken" name="test_poster_missing_token_returns_401" time="0.148" /><testcase classname="tests.test_referrals_iter7.TestPosterQueryToken" name="test_poster_with_header_token_returns_png" time="0.646" /><testcase classname="tests.test_referrals_iter7.TestPosterQueryToken" name="test_poster_with_query_token_returns_png" time="0.280" /><testcase classname="tests.test_referrals_iter7.TestPosterQueryToken" name="test_poster_with_bogus_query_token_returns_401" time="0.098" /><testcase classname="tests.test_referrals_iter7.TestPosterQueryToken" name="test_poster_with_expired_token_returns_401" time="0.434" /><testcase classname="tests.test_referrals_iter7.TestReferralsMineRegression" name="test_mine_requires_auth" time="0.098" /><testcase classname="tests.test_referrals_iter7.TestReferralsMineRegression" name="test_mine_shape_ok" time="0.095" /><testcase classname="tests.test_referrals_iter7.TestJoinPublic" name="test_join_with_ref_renders_inviter" time="0.098" /><testcase classname="tests.test_referrals_iter7.TestJoinPublic" name="test_join_without_ref_still_renders_school" time="0.103" /><testcase classname="tests.test_referrals_iter7.TestRegisterWithRef" name="test_register_with_valid_ref_sets_attribution" time="0.333" /><testcase classname="tests.test_referrals_iter7.TestRegisterWithRef" name="test_register_with_unknown_but_wellformed_ref_is_silently_ignored" time="0.322" /><testcase classname="tests.test_referrals_iter7.TestRegisterWithRef" name="test_register_with_malformed_ref_is_ignored" time="0.322" /></testsuite></testsuites>