<?xml version="1.0" encoding="utf-8"?><testsuites name="pytest tests"><testsuite name="pytest" errors="0" failures="0" skipped="0" tests="17" time="9.937" timestamp="2026-08-05T05:48:06.770704+00:00" hostname="agent-env-bc3e24a4-c3c9-41ee-adc1-3ecc459a8f4f"><testcase classname="tests.test_backend.TestProgress" name="test_lesson_complete_passwords" time="0.337" /><testcase classname="tests.test_backend.TestAuth" name="test_session_invalid_returns_401" time="0.331" /><testcase classname="tests.test_backend.TestAuth" name="test_me_returns_current_user" time="0.134" /><testcase classname="tests.test_backend.TestProgress" name="test_game_complete_fraude" time="0.214" /><testcase classname="tests.test_backend.TestAuth" name="test_me_without_token_401" time="0.131" /><testcase classname="tests.test_backend.TestProgress" name="test_daily_claim_once_then_conflict" time="0.269" /><testcase classname="tests.test_backend.TestHealth" name="test_root" time="0.171" /><testcase classname="tests.test_backend.TestHealth" name="test_get_school_demo" time="0.140" /><testcase classname="tests.test_backend.TestLeaderboards" name="test_weekly_school" time="0.138" /><testcase classname="tests.test_backend.TestCertificates" name="test_pdf_returned" time="0.140" /><testcase classname="tests.test_backend.TestLeaderboards" name="test_weekly_global" time="0.174" /><testcase classname="tests.test_backend.TestCertificates" name="test_pdf_module_not_completed" time="0.132" /><testcase classname="tests.test_backend.TestTeacherRoster" name="test_student_forbidden" time="0.163" /><testcase classname="tests.test_backend.TestSchoolsJoin" name="test_join_invalid" time="0.177" /><testcase classname="tests.test_backend.TestTeacherRoster" name="test_teacher_ok" time="0.133" /><testcase classname="tests.test_backend.TestSchoolsJoin" name="test_join_promotes_to_teacher" time="0.186" /><testcase classname="tests.test_backend.TestChatbot" name="test_chatbot_spanish_reply" time="8.185" /></testsuite></testsuites>