<?xml version="1.0" encoding="utf-8"?><testsuites name="pytest tests"><testsuite name="pytest" errors="0" failures="0" skipped="0" tests="3" time="1.378" timestamp="2026-08-08T19:29:16.285185+00:00" hostname="agent-env-bc3e24a4-c3c9-41ee-adc1-3ecc459a8f4f"><testcase classname="tests.test_smoke_push_fix" name="test_health_reachable" time="0.194" /><testcase classname="tests.test_smoke_push_fix" name="test_register_returns_200" time="0.303" /><testcase classname="tests.test_smoke_push_fix" name="test_referrals_mine_shape" time="0.136" /></testsuite></testsuites>